<?xml version="1.0" encoding="UTF-8"?>
<testng-results ignored="0" total="1" passed="1" failed="0" skipped="0">
  <reporter-output>
  </reporter-output>
  <suite started-at="2021-09-06T07:42:29Z" name="Default suite" finished-at="2021-09-06T07:42:51Z" duration-ms="22580">
    <groups>
    </groups>
    <test started-at="2021-09-06T07:42:29Z" name="Default test" finished-at="2021-09-06T07:42:51Z" duration-ms="22580">
      <class name="Lab29_PageObjectModel.TC01_Add_Structure">
        <test-method is-config="true" signature="TestSetup()[pri:0, instance:Lab29_PageObjectModel.TC01_Add_Structure@6574a52c]" started-at="2021-09-06T07:42:29Z" name="TestSetup" finished-at="2021-09-06T07:42:39Z" duration-ms="9895" status="PASS">
          <reporter-output>
          </reporter-output>
        </test-method> <!-- TestSetup -->
        <test-method signature="Add_Structure()[pri:0, instance:Lab29_PageObjectModel.TC01_Add_Structure@6574a52c]" started-at="2021-09-06T07:42:39Z" name="Add_Structure" finished-at="2021-09-06T07:42:50Z" duration-ms="11555" status="PASS">
          <reporter-output>
          </reporter-output>
        </test-method> <!-- Add_Structure -->
        <test-method is-config="true" signature="TestCloser()[pri:0, instance:Lab29_PageObjectModel.TC01_Add_Structure@6574a52c]" started-at="2021-09-06T07:42:50Z" name="TestCloser" finished-at="2021-09-06T07:42:51Z" duration-ms="1076" status="PASS">
          <reporter-output>
          </reporter-output>
        </test-method> <!-- TestCloser -->
      </class> <!-- Lab29_PageObjectModel.TC01_Add_Structure -->
    </test> <!-- Default test -->
  </suite> <!-- Default suite -->
</testng-results>
